<?xml version="1.0" encoding="UTF-8"?>
<testng-results ignored="0" total="6" passed="5" failed="1" skipped="0">
  <reporter-output>
  </reporter-output>
  <suite started-at="2022-08-13T00:01:17 IST" name="Suite" finished-at="2022-08-13T00:02:08 IST" duration-ms="50949">
    <groups>
    </groups>
    <test started-at="2022-08-13T00:01:17 IST" name="Test" finished-at="2022-08-13T00:02:08 IST" duration-ms="50949">
      <class name="com.sauceDemo.TestPackage.TC03VerifyBagProductAddToCartFunctionality">
        <test-method is-config="true" signature="setUp(java.lang.String)[pri:0, instance:com.sauceDemo.TestPackage.TC03VerifyBagProductAddToCartFunctionality@50a638b5]" started-at="2022-08-13T00:01:24 IST" name="setUp" finished-at="2022-08-13T00:01:27 IST" duration-ms="2421" status="PASS">
          <params>
            <param index="0">
              <value>
                <![CDATA[chrome]]>
              </value>
            </param>
          </params>
          <reporter-output>
          </reporter-output>
        </test-method> <!-- setUp -->
        <test-method signature="verifyaddtocart()[pri:0, instance:com.sauceDemo.TestPackage.TC03VerifyBagProductAddToCartFunctionality@50a638b5]" started-at="2022-08-13T00:01:27 IST" name="verifyaddtocart" finished-at="2022-08-13T00:01:27 IST" duration-ms="353" status="PASS">
          <reporter-output>
          </reporter-output>
        </test-method> <!-- verifyaddtocart -->
        <test-method is-config="true" signature="tearDown()[pri:0, instance:com.sauceDemo.TestPackage.TC03VerifyBagProductAddToCartFunctionality@50a638b5]" started-at="2022-08-13T00:01:27 IST" name="tearDown" finished-at="2022-08-13T00:01:27 IST" duration-ms="208" status="PASS">
          <reporter-output>
          </reporter-output>
        </test-method> <!-- tearDown -->
      </class> <!-- com.sauceDemo.TestPackage.TC03VerifyBagProductAddToCartFunctionality -->
      <class name="com.sauceDemo.TestPackage.TC05VerifyCheckOutPage_class">
        <test-method is-config="true" signature="setUp(java.lang.String)[pri:0, instance:com.sauceDemo.TestPackage.TC05VerifyCheckOutPage_class@6ca8564a]" started-at="2022-08-13T00:02:00 IST" name="setUp" finished-at="2022-08-13T00:02:03 IST" duration-ms="2444" status="PASS">
          <params>
            <param index="0">
              <value>
                <![CDATA[chrome]]>
              </value>
            </param>
          </params>
          <reporter-output>
          </reporter-output>
        </test-method> <!-- setUp -->
        <test-method signature="verifycheckoutpage()[pri:0, instance:com.sauceDemo.TestPackage.TC05VerifyCheckOutPage_class@6ca8564a]" started-at="2022-08-13T00:02:03 IST" name="verifycheckoutpage" finished-at="2022-08-13T00:02:03 IST" duration-ms="539" status="PASS">
          <reporter-output>
          </reporter-output>
        </test-method> <!-- verifycheckoutpage -->
        <test-method is-config="true" signature="tearDown()[pri:0, instance:com.sauceDemo.TestPackage.TC05VerifyCheckOutPage_class@6ca8564a]" started-at="2022-08-13T00:02:03 IST" name="tearDown" finished-at="2022-08-13T00:02:03 IST" duration-ms="160" status="PASS">
          <reporter-output>
          </reporter-output>
        </test-method> <!-- tearDown -->
      </class> <!-- com.sauceDemo.TestPackage.TC05VerifyCheckOutPage_class -->
      <class name="com.sauceDemo.TestPackage.TC06VerifyBuyPage_class">
        <test-method is-config="true" signature="setUp(java.lang.String)[pri:0, instance:com.sauceDemo.TestPackage.TC06VerifyBuyPage_class@50b472aa]" started-at="2022-08-13T00:02:03 IST" name="setUp" finished-at="2022-08-13T00:02:06 IST" duration-ms="2617" status="PASS">
          <params>
            <param index="0">
              <value>
                <![CDATA[chrome]]>
              </value>
            </param>
          </params>
          <reporter-output>
          </reporter-output>
        </test-method> <!-- setUp -->
        <test-method signature="verifybuypage()[pri:0, instance:com.sauceDemo.TestPackage.TC06VerifyBuyPage_class@50b472aa]" started-at="2022-08-13T00:02:06 IST" name="verifybuypage" finished-at="2022-08-13T00:02:07 IST" duration-ms="1286" status="PASS">
          <reporter-output>
          </reporter-output>
        </test-method> <!-- verifybuypage -->
        <test-method is-config="true" signature="tearDown()[pri:0, instance:com.sauceDemo.TestPackage.TC06VerifyBuyPage_class@50b472aa]" started-at="2022-08-13T00:02:07 IST" name="tearDown" finished-at="2022-08-13T00:02:08 IST" duration-ms="184" status="PASS">
          <reporter-output>
          </reporter-output>
        </test-method> <!-- tearDown -->
      </class> <!-- com.sauceDemo.TestPackage.TC06VerifyBuyPage_class -->
      <class name="com.sauceDemo.TestPackage.TC04VerifyCartPage">
        <test-method is-config="true" signature="setUp(java.lang.String)[pri:0, instance:com.sauceDemo.TestPackage.TC04VerifyCartPage@1817d444]" started-at="2022-08-13T00:01:27 IST" name="setUp" finished-at="2022-08-13T00:01:30 IST" duration-ms="2722" status="PASS">
          <params>
            <param index="0">
              <value>
                <![CDATA[chrome]]>
              </value>
            </param>
          </params>
          <reporter-output>
          </reporter-output>
        </test-method> <!-- setUp -->
        <test-method signature="verifycartpage()[pri:0, instance:com.sauceDemo.TestPackage.TC04VerifyCartPage@1817d444]" started-at="2022-08-13T00:01:30 IST" name="verifycartpage" finished-at="2022-08-13T00:02:00 IST" duration-ms="30222" status="FAIL">
          <exception class="org.openqa.selenium.NoSuchElementException">
            <message>
              <![CDATA[no such element: Unable to locate element: {"method":"xpath","selector":"//button[@name ='continue-shopping']"}
  (Session info: chrome=104.0.5112.81)
For documentation on this error, please visit: https://www.seleniumhq.org/exceptions/no_such_element.html
Build info: version: '3.141.59', revision: 'e82be7d358', time: '2018-11-14T08:17:03'
System info: host: 'DESKTOP-TP7VCT1', ip: '192.168.0.103', os.name: 'Windows 10', os.arch: 'amd64', os.version: '10.0', java.version: '18'
Driver info: org.openqa.selenium.chrome.ChromeDriver
Capabilities {acceptInsecureCerts: false, browserName: chrome, browserVersion: 104.0.5112.81, chrome: {chromedriverVersion: 103.0.5060.53 (a1711811edd7..., userDataDir: C:\Users\HEDAUR~1\AppData\L...}, goog:chromeOptions: {debuggerAddress: localhost:61990}, javascriptEnabled: true, networkConnectionEnabled: false, pageLoadStrategy: normal, platform: WINDOWS, platformName: WINDOWS, proxy: Proxy(), setWindowRect: true, strictFileInteractability: false, timeouts: {implicit: 0, pageLoad: 300000, script: 30000}, unhandledPromptBehavior: dismiss and notify, webauthn:extension:credBlob: true, webauthn:extension:largeBlob: true, webauthn:virtualAuthenticators: true}
Session ID: da699ddf42f6874574cacd6b81f76d40
*** Element info: {Using=xpath, value=//button[@name ='continue-shopping']}]]>
            </message>
            <full-stacktrace>
              <![CDATA[org.openqa.selenium.NoSuchElementException: no such element: Unable to locate element: {"method":"xpath","selector":"//button[@name ='continue-shopping']"}
  (Session info: chrome=104.0.5112.81)
For documentation on this error, please visit: https://www.seleniumhq.org/exceptions/no_such_element.html
Build info: version: '3.141.59', revision: 'e82be7d358', time: '2018-11-14T08:17:03'
System info: host: 'DESKTOP-TP7VCT1', ip: '192.168.0.103', os.name: 'Windows 10', os.arch: 'amd64', os.version: '10.0', java.version: '18'
Driver info: org.openqa.selenium.chrome.ChromeDriver
Capabilities {acceptInsecureCerts: false, browserName: chrome, browserVersion: 104.0.5112.81, chrome: {chromedriverVersion: 103.0.5060.53 (a1711811edd7..., userDataDir: C:\Users\HEDAUR~1\AppData\L...}, goog:chromeOptions: {debuggerAddress: localhost:61990}, javascriptEnabled: true, networkConnectionEnabled: false, pageLoadStrategy: normal, platform: WINDOWS, platformName: WINDOWS, proxy: Proxy(), setWindowRect: true, strictFileInteractability: false, timeouts: {implicit: 0, pageLoad: 300000, script: 30000}, unhandledPromptBehavior: dismiss and notify, webauthn:extension:credBlob: true, webauthn:extension:largeBlob: true, webauthn:virtualAuthenticators: true}
Session ID: da699ddf42f6874574cacd6b81f76d40
*** Element info: {Using=xpath, value=//button[@name ='continue-shopping']}
at java.base/jdk.internal.reflect.DirectConstructorHandleAccessor.newInstance(DirectConstructorHandleAccessor.java:67)
at java.base/java.lang.reflect.Constructor.newInstanceWithCaller(Constructor.java:499)
at java.base/java.lang.reflect.Constructor.newInstance(Constructor.java:483)
at org.openqa.selenium.remote.http.W3CHttpResponseCodec.createException(W3CHttpResponseCodec.java:187)
at org.openqa.selenium.remote.http.W3CHttpResponseCodec.decode(W3CHttpResponseCodec.java:122)
at org.openqa.selenium.remote.http.W3CHttpResponseCodec.decode(W3CHttpResponseCodec.java:49)
at org.openqa.selenium.remote.HttpCommandExecutor.execute(HttpCommandExecutor.java:158)
at org.openqa.selenium.remote.service.DriverCommandExecutor.execute(DriverCommandExecutor.java:83)
at org.openqa.selenium.remote.RemoteWebDriver.execute(RemoteWebDriver.java:552)
at org.openqa.selenium.remote.RemoteWebDriver.findElement(RemoteWebDriver.java:323)
at org.openqa.selenium.remote.RemoteWebDriver.findElementByXPath(RemoteWebDriver.java:428)
at org.openqa.selenium.By$ByXPath.findElement(By.java:353)
at org.openqa.selenium.remote.RemoteWebDriver.findElement(RemoteWebDriver.java:315)
at org.openqa.selenium.support.pagefactory.DefaultElementLocator.findElement(DefaultElementLocator.java:69)
at org.openqa.selenium.support.pagefactory.internal.LocatingElementHandler.invoke(LocatingElementHandler.java:38)
at jdk.proxy2/jdk.proxy2.$Proxy13.click(Unknown Source)
at com.sauceDemo.POMPackage.POM_CartPage_class.clickcontshopping(POM_CartPage_class.java:34)
at com.sauceDemo.TestPackage.TC04VerifyCartPage.verifycartpage(TC04VerifyCartPage.java:42)
at java.base/jdk.internal.reflect.DirectMethodHandleAccessor.invoke(DirectMethodHandleAccessor.java:104)
at java.base/java.lang.reflect.Method.invoke(Method.java:577)
at org.testng.internal.MethodInvocationHelper.invokeMethod(MethodInvocationHelper.java:133)
at org.testng.internal.TestInvoker.invokeMethod(TestInvoker.java:598)
at org.testng.internal.TestInvoker.invokeTestMethod(TestInvoker.java:173)
at org.testng.internal.MethodRunner.runInSequence(MethodRunner.java:46)
at org.testng.internal.TestInvoker$MethodInvocationAgent.invoke(TestInvoker.java:824)
at org.testng.internal.TestInvoker.invokeTestMethods(TestInvoker.java:146)
at org.testng.internal.TestMethodWorker.invokeTestMethods(TestMethodWorker.java:146)
at org.testng.internal.TestMethodWorker.run(TestMethodWorker.java:128)
at java.base/java.util.ArrayList.forEach(ArrayList.java:1511)
at org.testng.TestRunner.privateRun(TestRunner.java:794)
at org.testng.TestRunner.run(TestRunner.java:596)
at org.testng.SuiteRunner.runTest(SuiteRunner.java:377)
at org.testng.SuiteRunner.runSequentially(SuiteRunner.java:371)
at org.testng.SuiteRunner.privateRun(SuiteRunner.java:332)
at org.testng.SuiteRunner.run(SuiteRunner.java:276)
at org.testng.SuiteRunnerWorker.runSuite(SuiteRunnerWorker.java:53)
at org.testng.SuiteRunnerWorker.run(SuiteRunnerWorker.java:96)
at org.testng.TestNG.runSuitesSequentially(TestNG.java:1212)
at org.testng.TestNG.runSuitesLocally(TestNG.java:1134)
at org.testng.TestNG.runSuites(TestNG.java:1063)
at org.testng.TestNG.run(TestNG.java:1031)
at org.testng.remote.AbstractRemoteTestNG.run(AbstractRemoteTestNG.java:115)
at org.testng.remote.RemoteTestNG.initAndRun(RemoteTestNG.java:251)
at org.testng.remote.RemoteTestNG.main(RemoteTestNG.java:77)
]]>
            </full-stacktrace>
          </exception> <!-- org.openqa.selenium.NoSuchElementException -->
          <reporter-output>
          </reporter-output>
        </test-method> <!-- verifycartpage -->
        <test-method is-config="true" signature="tearDown()[pri:0, instance:com.sauceDemo.TestPackage.TC04VerifyCartPage@1817d444]" started-at="2022-08-13T00:02:00 IST" name="tearDown" finished-at="2022-08-13T00:02:00 IST" duration-ms="252" status="PASS">
          <reporter-output>
          </reporter-output>
        </test-method> <!-- tearDown -->
      </class> <!-- com.sauceDemo.TestPackage.TC04VerifyCartPage -->
      <class name="com.sauceDemo.TestPackage.TC01VerifyLoginPage">
        <test-method is-config="true" signature="setUp(java.lang.String)[pri:0, instance:com.sauceDemo.TestPackage.TC01VerifyLoginPage@3f197a46]" started-at="2022-08-13T00:01:17 IST" name="setUp" finished-at="2022-08-13T00:01:21 IST" duration-ms="4189" status="PASS">
          <params>
            <param index="0">
              <value>
                <![CDATA[chrome]]>
              </value>
            </param>
          </params>
          <reporter-output>
          </reporter-output>
        </test-method> <!-- setUp -->
        <test-method signature="verifylogin()[pri:0, instance:com.sauceDemo.TestPackage.TC01VerifyLoginPage@3f197a46]" started-at="2022-08-13T00:01:21 IST" name="verifylogin" finished-at="2022-08-13T00:01:21 IST" duration-ms="13" status="PASS">
          <reporter-output>
          </reporter-output>
        </test-method> <!-- verifylogin -->
        <test-method is-config="true" signature="tearDown()[pri:0, instance:com.sauceDemo.TestPackage.TC01VerifyLoginPage@3f197a46]" started-at="2022-08-13T00:01:21 IST" name="tearDown" finished-at="2022-08-13T00:01:21 IST" duration-ms="207" status="PASS">
          <reporter-output>
          </reporter-output>
        </test-method> <!-- tearDown -->
      </class> <!-- com.sauceDemo.TestPackage.TC01VerifyLoginPage -->
      <class name="com.sauceDemo.TestPackage.TC02VerifyLogoutPage">
        <test-method is-config="true" signature="setUp(java.lang.String)[pri:0, instance:com.sauceDemo.TestPackage.TC02VerifyLogoutPage@636be97c]" started-at="2022-08-13T00:01:21 IST" name="setUp" finished-at="2022-08-13T00:01:24 IST" duration-ms="2631" status="PASS">
          <params>
            <param index="0">
              <value>
                <![CDATA[chrome]]>
              </value>
            </param>
          </params>
          <reporter-output>
          </reporter-output>
        </test-method> <!-- setUp -->
        <test-method signature="verifylogout()[pri:0, instance:com.sauceDemo.TestPackage.TC02VerifyLogoutPage@636be97c]" started-at="2022-08-13T00:01:24 IST" name="verifylogout" finished-at="2022-08-13T00:01:24 IST" duration-ms="246" status="PASS">
          <reporter-output>
          </reporter-output>
        </test-method> <!-- verifylogout -->
        <test-method is-config="true" signature="tearDown()[pri:0, instance:com.sauceDemo.TestPackage.TC02VerifyLogoutPage@636be97c]" started-at="2022-08-13T00:01:24 IST" name="tearDown" finished-at="2022-08-13T00:01:24 IST" duration-ms="198" status="PASS">
          <reporter-output>
          </reporter-output>
        </test-method> <!-- tearDown -->
      </class> <!-- com.sauceDemo.TestPackage.TC02VerifyLogoutPage -->
    </test> <!-- Test -->
  </suite> <!-- Suite -->
</testng-results>
